<?xml version="1.0" encoding="UTF-8"?>
<!-- Generated by org.testng.reporters.JUnitReportReporter -->
<testsuite skipped="0" hostname="Asish-PC" name="com.crm.testRepo.LoginTest" tests="1" failures="0" timestamp="06 Jul 2020 12:59:24 GMT" time="12.921" errors="0">
  <testcase name="loginTest" time="12.921" classname="com.crm.testRepo.LoginTest"/>
</testsuite> <!-- com.crm.testRepo.LoginTest -->
