<?xml version="1.0" encoding="UTF-8"?>
<!-- Generated by org.testng.reporters.JUnitReportReporter -->
<testsuite skipped="0" hostname="Asish-PC" name="com.crm.ObjectRerpo.AmazonTest" tests="1" failures="0" timestamp="07 Jul 2020 10:50:03 GMT" time="44.586" errors="0">
  <testcase name="amazonTest" time="44.586" classname="com.crm.ObjectRerpo.AmazonTest"/>
</testsuite> <!-- com.crm.ObjectRerpo.AmazonTest -->
